<?xml version="1.0" encoding="UTF-8"?>
<!-- Generated by org.testng.reporters.JUnitXMLReporter -->
<testsuite hostname="QJ07305277" ignored="4" name="Command line test" tests="5" failures="3" timestamp="2020-08-24T13:15:40 CDT" time="7.263" errors="0">
  <testcase name="@AfterMethod afterMethod" time="0.001" classname="com.murali.pom.prjbase.MuraliBase">
    <failure type="java.lang.IllegalArgumentException" message="imagePath cannot be null or empty">
      <![CDATA[java.lang.IllegalArgumentException: imagePath cannot be null or empty
at com.aventstack.extentreports.ExtentTest.addScreenCaptureFromPath(ExtentTest.java:1137)
at com.aventstack.extentreports.ExtentTest.addScreenCaptureFromPath(ExtentTest.java:1165)
at com.murali.pom.prjbase.MuraliBase.afterMethod(MuraliBase.java:72)
at java.util.ArrayList.forEach(ArrayList.java:1257)
... Removed 42 stack frames]]>
    </failure>
  </testcase> <!-- @AfterMethod afterMethod -->
  <testcase name="testLogin1" time="0.006" classname="com.murali.pom.tests.Test1"/>
  <testcase name="testLogin2" time="0.001" classname="com.murali.pom.tests.Test1">
    <failure type="java.lang.AssertionError" message="expected [true] but found [false]">
      <![CDATA[java.lang.AssertionError: expected [true] but found [false]
at com.murali.pom.helper.AssertionHelper.makeFalse(AssertionHelper.java:28)
at com.murali.pom.tests.Test1.testLogin2(Test1.java:17)
at java.util.ArrayList.forEach(ArrayList.java:1257)
... Removed 41 stack frames]]>
    </failure>
  </testcase> <!-- testLogin2 -->
  <testcase name="testLogin3" time="0.001" classname="com.murali.pom.tests.Test1"/>
  <testcase name="testLogin4" time="0.0" classname="com.murali.pom.tests.Test1">
    <failure type="java.lang.AssertionError" message="expected [true] but found [false]">
      <![CDATA[java.lang.AssertionError: expected [true] but found [false]
at com.murali.pom.helper.AssertionHelper.makeFalse(AssertionHelper.java:28)
at com.murali.pom.tests.Test1.testLogin4(Test1.java:27)
at java.util.ArrayList.forEach(ArrayList.java:1257)
... Removed 41 stack frames]]>
    </failure>
  </testcase> <!-- testLogin4 -->
  <testcase name="testSCreenshot" time="0.0" classname="com.murali.pom.tests.TestScreenshot">
    <failure type="java.lang.NullPointerException">
      <![CDATA[java.lang.NullPointerException
at com.murali.pom.tests.TestScreenshot.testSCreenshot(TestScreenshot.java:11)
at java.util.ArrayList.forEach(ArrayList.java:1257)
... Removed 37 stack frames]]>
    </failure>
  </testcase> <!-- testSCreenshot -->
  <testcase name="@BeforeTest beforeTest" time="0.0" classname="com.murali.pom.prjbase.MuraliBase">
    <ignored/>
  </testcase> <!-- @BeforeTest beforeTest -->
  <testcase name="@AfterTest afterTest" time="0.0" classname="com.murali.pom.prjbase.MuraliBase">
    <ignored/>
  </testcase> <!-- @AfterTest afterTest -->
  <testcase name="@AfterSuite afterSuite" time="0.0" classname="com.murali.pom.prjbase.MuraliBase">
    <ignored/>
  </testcase> <!-- @AfterSuite afterSuite -->
  <testcase name="@BeforeSuite beforeSuite" time="0.0" classname="com.murali.pom.prjbase.MuraliBase">
    <ignored/>
  </testcase> <!-- @BeforeSuite beforeSuite -->
</testsuite> <!-- Command line test -->
